2025-07-08 12:53:44,713 - Spell_Checker_Logger - INFO - Program exited by user.
2025-07-08 12:54:13,399 - Spell_Checker_Logger - INFO - Corrected Text: python
2025-07-08 12:54:19,118 - Spell_Checker_Logger - INFO - Correction 'ppython' to 'python'
2025-07-08 12:54:19,123 - Spell_Checker_Logger - INFO - Corrected Text: python
2025-07-08 12:54:21,558 - Spell_Checker_Logger - INFO - Correction 'jjava' to 'java'
2025-07-08 12:54:21,558 - Spell_Checker_Logger - INFO - Corrected Text: java
2025-07-08 12:54:29,561 - Spell_Checker_Logger - INFO - Correction 'congratullations' to 'congratulations'
2025-07-08 12:54:29,561 - Spell_Checker_Logger - INFO - Corrected Text: congratulations
2025-07-08 12:54:37,577 - Spell_Checker_Logger - INFO - Correction 'recordingss' to 'recordings'
2025-07-08 12:54:37,577 - Spell_Checker_Logger - INFO - Corrected Text: recordings
2025-07-08 12:54:50,568 - Spell_Checker_Logger - INFO - Correction 'laptoops' to 'laptops'
2025-07-08 12:54:50,569 - Spell_Checker_Logger - INFO - Corrected Text: laptops
2025-07-08 12:54:55,377 - Spell_Checker_Logger - INFO - Correction 'phoness' to 'phones'
2025-07-08 12:54:55,377 - Spell_Checker_Logger - INFO - Corrected Text: phones
2025-07-08 12:55:09,024 - Spell_Checker_Logger - WARNING - No suggestion for word: recorgnisations
2025-07-08 12:59:37,691 - Spell_Checker_Logger - INFO - Correction 'dott' to 'doth'
2025-07-08 12:59:37,692 - Spell_Checker_Logger - INFO - Corrected Text: doth
2025-07-08 12:59:53,852 - Spell_Checker_Logger - INFO - Correction 'speciallyy' to 'specially'
2025-07-08 12:59:53,868 - Spell_Checker_Logger - INFO - Corrected Text: specially
2025-07-08 13:00:19,318 - Spell_Checker_Logger - INFO - Program exited by user.